# JRE version: OpenJDK Runtime Environment (17.0.11) (build 17.0.11+0-17.0.11b1207.24-11852314)
# Java VM: OpenJDK 64-Bit Server VM (17.0.11+0-17.0.11b1207.24-11852314, mixed mode, tiered, compressed oops, compressed class ptrs, g1 gc, linux-amd64)
GC Precious Log:
 CPUs: 6 total, 6 available
 Memory: 15971M
 Large Page Support: Disabled
 NUMA Support: Disabled
 Compressed Oops: Enabled (32-bit)
 Heap Region Size: 1M
 Heap Min Capacity: 8M
 Heap Initial Capacity: 250M
 Heap Max Capacity: 2G
 Pre-touch: Disabled
 Parallel Workers: 6
 Concurrent Workers: 2
 Concurrent Refinement Workers: 6
 Periodic GC: Disabled
Heap:
 garbage-first heap   total 256000K, used 21216K [0x0000000080000000, 0x0000000100000000)
  region size 1024K, 12 young (12288K), 9 survivors (9216K)
 Metaspace       used 21594K, committed 21824K, reserved 1114112K
  class space    used 2582K, committed 2688K, reserved 1048576K
GC Heap History (6 events):
Event: 5,464 GC heap before
{Heap before GC invocations=0 (full 0):
 garbage-first heap   total 256000K, used 24576K [0x0000000080000000, 0x0000000100000000)
  region size 1024K, 21 young (21504K), 0 survivors (0K)
 Metaspace       used 10137K, committed 10304K, reserved 1114112K
  class space    used 1029K, committed 1152K, reserved 1048576K
}
Event: 5,471 GC heap after
{Heap after GC invocations=1 (full 0):
 garbage-first heap   total 256000K, used 10478K [0x0000000080000000, 0x0000000100000000)
  region size 1024K, 3 young (3072K), 3 survivors (3072K)
 Metaspace       used 10137K, committed 10304K, reserved 1114112K
  class space    used 1029K, committed 1152K, reserved 1048576K
}
Event: 8,259 GC heap before
{Heap before GC invocations=1 (full 0):
 garbage-first heap   total 256000K, used 34030K [0x0000000080000000, 0x0000000100000000)
  region size 1024K, 26 young (26624K), 3 survivors (3072K)
 Metaspace       used 11401K, committed 11584K, reserved 1114112K
  class space    used 1203K, committed 1280K, reserved 1048576K
}
Event: 8,264 GC heap after
{Heap after GC invocations=2 (full 0):
 garbage-first heap   total 256000K, used 11829K [0x0000000080000000, 0x0000000100000000)
  region size 1024K, 1 young (1024K), 1 survivors (1024K)
 Metaspace       used 11401K, committed 11584K, reserved 1114112K
  class space    used 1203K, committed 1280K, reserved 1048576K
}
Event: 15,121 GC heap before
{Heap before GC invocations=2 (full 0):
 garbage-first heap   total 256000K, used 56885K [0x0000000080000000, 0x0000000100000000)
  region size 1024K, 45 young (46080K), 1 survivors (1024K)
 Metaspace       used 21305K, committed 21504K, reserved 1114112K
  class space    used 2525K, committed 2624K, reserved 1048576K
}
Event: 15,131 GC heap after
{Heap after GC invocations=3 (full 0):
 garbage-first heap   total 256000K, used 19168K [0x0000000080000000, 0x0000000100000000)
  region size 1024K, 9 young (9216K), 9 survivors (9216K)
 Metaspace       used 21305K, committed 21504K, reserved 1114112K
  class space    used 2525K, committed 2624K, reserved 1048576K
}

